<?xml version="1.0" encoding="UTF-8"?>
<testng-results ignored="0" total="1" passed="1" failed="0" skipped="0">
  <reporter-output>
  </reporter-output>
  <suite started-at="2023-04-18T12:34:52 IST" name="Default suite" finished-at="2023-04-18T12:34:55 IST" duration-ms="3419">
    <groups>
    </groups>
    <test started-at="2023-04-18T12:34:52 IST" name="Default test" finished-at="2023-04-18T12:34:55 IST" duration-ms="3419">
      <class name="tests.deleteExamples">
        <test-method signature="testDelete()[pri:0, instance:tests.deleteExamples@3911c2a7]" started-at="2023-04-18T12:34:52 IST" name="testDelete" finished-at="2023-04-18T12:34:55 IST" duration-ms="3332" status="PASS">
          <reporter-output>
          </reporter-output>
        </test-method> <!-- testDelete -->
      </class> <!-- tests.deleteExamples -->
    </test> <!-- Default test -->
  </suite> <!-- Default suite -->
</testng-results>
