<?xml version="1.0" encoding="UTF-8"?>
<testng-results ignored="0" total="1" passed="1" failed="0" skipped="0">
  <reporter-output>
  </reporter-output>
  <suite started-at="2023-04-27T12:01:07 IST" name="Default suite" finished-at="2023-04-27T12:01:09 IST" duration-ms="2672">
    <groups>
    </groups>
    <test started-at="2023-04-27T12:01:07 IST" name="Default test" finished-at="2023-04-27T12:01:09 IST" duration-ms="2672">
      <class name="tests.deleteExamples">
        <test-method signature="testDelete()[pri:0, instance:tests.deleteExamples@2c767a52]" started-at="2023-04-27T12:01:07 IST" name="testDelete" finished-at="2023-04-27T12:01:09 IST" duration-ms="2616" status="PASS">
          <reporter-output>
          </reporter-output>
        </test-method> <!-- testDelete -->
      </class> <!-- tests.deleteExamples -->
    </test> <!-- Default test -->
  </suite> <!-- Default suite -->
</testng-results>
